      create  
      create  doc
      create  lib
      create  script
      create  tasks
      create  lib/my_project
      create  History.txt
      create  Rakefile
      create  README.rdoc
      create  PostInstall.txt
      create  lib/my_project.rb
  dependency  install_test_unit
      create    test
      create    test/test_helper.rb
      create    test/test_my_project.rb
  dependency  install_rubigen_scripts
      exists    script
      create    script/generate
      create    script/destroy
      create  script/console
      create  Manifest.txt
      readme  readme
Important
=========

* Open Rakefile
* Update missing details (gem description, dependent gems, etc.)
